app/build/intermediates/manifest_merge_blame_file/debug/processDebugMainManifest/manifest-merger-blame-debug-report.txt
1<?xml version="1.0" encoding="utf-8"?>
2<manifest xmlns:android="http://schemas.android.com/apk/res/android"
3    package="com.omiyawaki.osrswiki"
4    android:versionCode="1"
5    android:versionName="1.0" >
6
7    <uses-sdk
8        android:minSdkVersion="24"
9        android:targetSdkVersion="35" />
10
11    <uses-permission android:name="android.permission.INTERNET" />
11-->src/main/AndroidManifest.xml:5:5-67
11-->src/main/AndroidManifest.xml:5:22-64
12    <uses-permission android:name="android.permission.ACCESS_NETWORK_STATE" />
12-->src/main/AndroidManifest.xml:6:5-79
12-->src/main/AndroidManifest.xml:6:22-76
13    <uses-permission android:name="android.permission.RECORD_AUDIO" />
13-->src/main/AndroidManifest.xml:7:5-71
13-->src/main/AndroidManifest.xml:7:22-68
14    <uses-permission android:name="android.permission.VIBRATE" />
14-->src/main/AndroidManifest.xml:8:5-66
14-->src/main/AndroidManifest.xml:8:22-63
15
16    <queries>
16-->src/main/AndroidManifest.xml:10:5-16:15
17        <intent>
17-->src/main/AndroidManifest.xml:11:9-15:18
18            <action android:name="android.intent.action.VIEW" />
18-->src/main/AndroidManifest.xml:12:13-65
18-->src/main/AndroidManifest.xml:12:21-62
19
20            <category android:name="android.intent.category.BROWSABLE" />
20-->src/main/AndroidManifest.xml:13:13-74
20-->src/main/AndroidManifest.xml:13:23-71
21
22            <data android:scheme="https" />
22-->src/main/AndroidManifest.xml:14:13-44
22-->src/main/AndroidManifest.xml:14:19-41
23        </intent>
24        <!-- Needs to be explicitly declared on Android R+ -->
25        <package android:name="com.google.android.apps.maps" />
25-->[com.google.android.gms:play-services-maps:18.0.2] AndroidManifest.xml:33:9-64
25-->[com.google.android.gms:play-services-maps:18.0.2] AndroidManifest.xml:33:18-61
26    </queries>
27
28    <uses-feature
28-->[org.maplibre.gl:android-sdk:11.12.1] AndroidManifest.xml:7:5-9:36
29        android:name="android.hardware.wifi"
29-->[org.maplibre.gl:android-sdk:11.12.1] AndroidManifest.xml:8:9-45
30        android:required="false" />
30-->[org.maplibre.gl:android-sdk:11.12.1] AndroidManifest.xml:9:9-33
31
32    <uses-permission android:name="android.permission.ACCESS_WIFI_STATE" />
32-->[org.maplibre.gl:android-sdk:11.12.1] AndroidManifest.xml:13:5-76
32-->[org.maplibre.gl:android-sdk:11.12.1] AndroidManifest.xml:13:22-73
33    <uses-permission android:name="android.permission.ACCESS_COARSE_LOCATION" />
33-->[org.maplibre.gl:android-sdk:11.12.1] AndroidManifest.xml:14:5-81
33-->[org.maplibre.gl:android-sdk:11.12.1] AndroidManifest.xml:14:22-78
34    <uses-permission android:name="android.permission.ACCESS_FINE_LOCATION" />
34-->[org.maplibre.gl:android-sdk:11.12.1] AndroidManifest.xml:15:5-79
34-->[org.maplibre.gl:android-sdk:11.12.1] AndroidManifest.xml:15:22-76
35
36    <uses-feature
36-->[com.google.android.gms:play-services-maps:18.0.2] AndroidManifest.xml:26:5-28:35
37        android:glEsVersion="0x00020000"
37-->[com.google.android.gms:play-services-maps:18.0.2] AndroidManifest.xml:27:9-41
38        android:required="true" />
38-->[com.google.android.gms:play-services-maps:18.0.2] AndroidManifest.xml:28:9-32
39
40    <uses-permission android:name="android.permission.WAKE_LOCK" />
40-->[androidx.work:work-runtime:2.9.0] AndroidManifest.xml:23:5-68
40-->[androidx.work:work-runtime:2.9.0] AndroidManifest.xml:23:22-65
41    <uses-permission android:name="android.permission.RECEIVE_BOOT_COMPLETED" />
41-->[androidx.work:work-runtime:2.9.0] AndroidManifest.xml:25:5-81
41-->[androidx.work:work-runtime:2.9.0] AndroidManifest.xml:25:22-78
42    <uses-permission android:name="android.permission.FOREGROUND_SERVICE" />
42-->[androidx.work:work-runtime:2.9.0] AndroidManifest.xml:26:5-77
42-->[androidx.work:work-runtime:2.9.0] AndroidManifest.xml:26:22-74
43
44    <permission
44-->[androidx.core:core:1.16.0] AndroidManifest.xml:22:5-24:47
45        android:name="com.omiyawaki.osrswiki.DYNAMIC_RECEIVER_NOT_EXPORTED_PERMISSION"
45-->[androidx.core:core:1.16.0] AndroidManifest.xml:23:9-81
46        android:protectionLevel="signature" />
46-->[androidx.core:core:1.16.0] AndroidManifest.xml:24:9-44
47
48    <uses-permission android:name="com.omiyawaki.osrswiki.DYNAMIC_RECEIVER_NOT_EXPORTED_PERMISSION" />
48-->[androidx.core:core:1.16.0] AndroidManifest.xml:26:5-97
48-->[androidx.core:core:1.16.0] AndroidManifest.xml:26:22-94
49
50    <application
50-->src/main/AndroidManifest.xml:18:5-124:19
51        android:name="com.omiyawaki.osrswiki.OSRSWikiApp"
51-->src/main/AndroidManifest.xml:19:9-36
52        android:allowBackup="true"
52-->src/main/AndroidManifest.xml:20:9-35
53        android:appComponentFactory="androidx.core.app.CoreComponentFactory"
53-->[androidx.core:core:1.16.0] AndroidManifest.xml:28:18-86
54        android:dataExtractionRules="@xml/data_extraction_rules"
54-->src/main/AndroidManifest.xml:21:9-65
55        android:debuggable="true"
56        android:extractNativeLibs="false"
57        android:fullBackupContent="@xml/backup_rules"
57-->src/main/AndroidManifest.xml:22:9-54
58        android:icon="@mipmap/ic_launcher"
58-->src/main/AndroidManifest.xml:23:9-43
59        android:label="@string/app_name"
59-->src/main/AndroidManifest.xml:24:9-41
60        android:roundIcon="@mipmap/ic_launcher_round"
60-->src/main/AndroidManifest.xml:25:9-54
61        android:supportsRtl="true" >
61-->src/main/AndroidManifest.xml:26:9-35
62
63        <!-- Enable Google Pay API -->
64        <meta-data
64-->src/main/AndroidManifest.xml:30:9-32:36
65            android:name="com.google.android.gms.wallet.api.enabled"
65-->src/main/AndroidManifest.xml:31:13-69
66            android:value="true" />
66-->src/main/AndroidManifest.xml:32:13-33
67
68        <!-- Enable foldable device support -->
69        <meta-data
69-->src/main/AndroidManifest.xml:35:9-37:36
70            android:name="android.supports_size_changes"
70-->src/main/AndroidManifest.xml:36:13-57
71            android:value="true" />
71-->src/main/AndroidManifest.xml:37:13-33
72
73        <activity
73-->src/main/AndroidManifest.xml:40:9-58:20
74            android:name="com.omiyawaki.osrswiki.MainActivity"
74-->src/main/AndroidManifest.xml:41:13-41
75            android:configChanges="uiMode|orientation|screenSize|keyboardHidden|smallestScreenSize|screenLayout"
75-->src/main/AndroidManifest.xml:42:13-113
76            android:exported="true"
76-->src/main/AndroidManifest.xml:43:13-36
77            android:theme="@style/Theme.OSRSWiki"
77-->src/main/AndroidManifest.xml:44:13-50
78            android:windowSoftInputMode="adjustResize" >
78-->src/main/AndroidManifest.xml:45:13-55
79            <intent-filter>
79-->src/main/AndroidManifest.xml:46:13-49:29
80                <action android:name="android.intent.action.MAIN" />
80-->src/main/AndroidManifest.xml:47:17-69
80-->src/main/AndroidManifest.xml:47:25-66
81
82                <category android:name="android.intent.category.LAUNCHER" />
82-->src/main/AndroidManifest.xml:48:17-77
82-->src/main/AndroidManifest.xml:48:27-74
83            </intent-filter>
84            <intent-filter>
84-->src/main/AndroidManifest.xml:50:13-57:29
85                <action android:name="android.intent.action.VIEW" />
85-->src/main/AndroidManifest.xml:12:13-65
85-->src/main/AndroidManifest.xml:12:21-62
86
87                <category android:name="android.intent.category.DEFAULT" />
87-->src/main/AndroidManifest.xml:52:17-76
87-->src/main/AndroidManifest.xml:52:27-73
88                <category android:name="android.intent.category.BROWSABLE" />
88-->src/main/AndroidManifest.xml:13:13-74
88-->src/main/AndroidManifest.xml:13:23-71
89
90                <data
90-->src/main/AndroidManifest.xml:14:13-44
91                    android:host="page"
91-->src/main/AndroidManifest.xml:55:21-40
92                    android:scheme="osrswiki" />
92-->src/main/AndroidManifest.xml:14:19-41
93            </intent-filter>
94        </activity>
95        <activity
95-->src/main/AndroidManifest.xml:60:9-64:58
96            android:name="com.omiyawaki.osrswiki.search.SearchActivity"
96-->src/main/AndroidManifest.xml:61:13-50
97            android:exported="false"
97-->src/main/AndroidManifest.xml:62:13-37
98            android:theme="@style/Theme.OSRSWiki"
98-->src/main/AndroidManifest.xml:63:13-50
99            android:windowSoftInputMode="adjustResize" />
99-->src/main/AndroidManifest.xml:64:13-55
100        <activity
100-->src/main/AndroidManifest.xml:66:9-70:58
101            android:name="com.omiyawaki.osrswiki.readinglist.ui.SavedPagesSearchActivity"
101-->src/main/AndroidManifest.xml:67:13-68
102            android:exported="false"
102-->src/main/AndroidManifest.xml:68:13-37
103            android:theme="@style/Theme.OSRSWiki"
103-->src/main/AndroidManifest.xml:69:13-50
104            android:windowSoftInputMode="adjustResize" />
104-->src/main/AndroidManifest.xml:70:13-55
105        <activity
105-->src/main/AndroidManifest.xml:72:9-77:53
106            android:name="com.omiyawaki.osrswiki.page.PageActivity"
106-->src/main/AndroidManifest.xml:73:13-46
107            android:configChanges="uiMode|orientation|screenSize|keyboardHidden|smallestScreenSize|screenLayout"
107-->src/main/AndroidManifest.xml:74:13-113
108            android:exported="false"
108-->src/main/AndroidManifest.xml:75:13-37
109            android:label="@string/app_name"
109-->src/main/AndroidManifest.xml:76:13-45
110            android:theme="@style/Theme.OSRSWiki" />
110-->src/main/AndroidManifest.xml:77:13-50
111        <activity
111-->src/main/AndroidManifest.xml:79:9-83:53
112            android:name="com.omiyawaki.osrswiki.settings.AppearanceSettingsActivity"
112-->src/main/AndroidManifest.xml:80:13-64
113            android:configChanges="uiMode"
113-->src/main/AndroidManifest.xml:81:13-43
114            android:exported="false"
114-->src/main/AndroidManifest.xml:82:13-37
115            android:theme="@style/Theme.OSRSWiki" />
115-->src/main/AndroidManifest.xml:83:13-50
116        <activity
116-->src/main/AndroidManifest.xml:84:9-89:53
117            android:name="com.omiyawaki.osrswiki.settings.OfflineSettingsActivity"
117-->src/main/AndroidManifest.xml:85:13-61
118            android:configChanges="uiMode"
118-->src/main/AndroidManifest.xml:86:13-43
119            android:exported="false"
119-->src/main/AndroidManifest.xml:87:13-37
120            android:label="@string/settings_category_offline_storage"
120-->src/main/AndroidManifest.xml:88:13-70
121            android:theme="@style/Theme.OSRSWiki" />
121-->src/main/AndroidManifest.xml:89:13-50
122        <activity
122-->src/main/AndroidManifest.xml:90:9-95:53
123            android:name="com.omiyawaki.osrswiki.donate.DonateActivity"
123-->src/main/AndroidManifest.xml:91:13-50
124            android:configChanges="uiMode"
124-->src/main/AndroidManifest.xml:92:13-43
125            android:exported="false"
125-->src/main/AndroidManifest.xml:93:13-37
126            android:label="@string/menu_title_donate"
126-->src/main/AndroidManifest.xml:94:13-54
127            android:theme="@style/Theme.OSRSWiki" />
127-->src/main/AndroidManifest.xml:95:13-50
128        <activity
128-->src/main/AndroidManifest.xml:96:9-101:53
129            android:name="com.omiyawaki.osrswiki.about.AboutActivity"
129-->src/main/AndroidManifest.xml:97:13-48
130            android:configChanges="uiMode"
130-->src/main/AndroidManifest.xml:98:13-43
131            android:exported="false"
131-->src/main/AndroidManifest.xml:99:13-37
132            android:label="@string/menu_title_about"
132-->src/main/AndroidManifest.xml:100:13-53
133            android:theme="@style/Theme.OSRSWiki" />
133-->src/main/AndroidManifest.xml:101:13-50
134        <activity
134-->src/main/AndroidManifest.xml:102:9-107:53
135            android:name="com.omiyawaki.osrswiki.feedback.FeedbackActivity"
135-->src/main/AndroidManifest.xml:103:13-54
136            android:configChanges="uiMode"
136-->src/main/AndroidManifest.xml:104:13-43
137            android:exported="false"
137-->src/main/AndroidManifest.xml:105:13-37
138            android:label="@string/menu_title_feedback"
138-->src/main/AndroidManifest.xml:106:13-56
139            android:theme="@style/Theme.OSRSWiki" />
139-->src/main/AndroidManifest.xml:107:13-50
140        <activity
140-->src/main/AndroidManifest.xml:108:9-115:71
141            android:name="com.omiyawaki.osrswiki.feedback.ReportIssueActivity"
141-->src/main/AndroidManifest.xml:109:13-57
142            android:configChanges="uiMode"
142-->src/main/AndroidManifest.xml:110:13-43
143            android:exported="false"
143-->src/main/AndroidManifest.xml:111:13-37
144            android:label="@string/feedback_report_issue_title"
144-->src/main/AndroidManifest.xml:112:13-64
145            android:parentActivityName="com.omiyawaki.osrswiki.feedback.FeedbackActivity"
145-->src/main/AndroidManifest.xml:115:13-68
146            android:theme="@style/Theme.OSRSWiki"
146-->src/main/AndroidManifest.xml:113:13-50
147            android:windowSoftInputMode="adjustResize" />
147-->src/main/AndroidManifest.xml:114:13-55
148        <activity
148-->src/main/AndroidManifest.xml:116:9-123:71
149            android:name="com.omiyawaki.osrswiki.feedback.RequestFeatureActivity"
149-->src/main/AndroidManifest.xml:117:13-60
150            android:configChanges="uiMode"
150-->src/main/AndroidManifest.xml:118:13-43
151            android:exported="false"
151-->src/main/AndroidManifest.xml:119:13-37
152            android:label="@string/feedback_request_feature_title"
152-->src/main/AndroidManifest.xml:120:13-67
153            android:parentActivityName="com.omiyawaki.osrswiki.feedback.FeedbackActivity"
153-->src/main/AndroidManifest.xml:123:13-68
154            android:theme="@style/Theme.OSRSWiki"
154-->src/main/AndroidManifest.xml:121:13-50
155            android:windowSoftInputMode="adjustResize" />
155-->src/main/AndroidManifest.xml:122:13-55
156        <!-- Needs to be explicitly declared on P+ -->
157        <uses-library
157-->[com.google.android.gms:play-services-maps:18.0.2] AndroidManifest.xml:39:9-41:40
158            android:name="org.apache.http.legacy"
158-->[com.google.android.gms:play-services-maps:18.0.2] AndroidManifest.xml:40:13-50
159            android:required="false" />
159-->[com.google.android.gms:play-services-maps:18.0.2] AndroidManifest.xml:41:13-37
160
161        <activity
161-->[com.google.android.gms:play-services-base:18.0.1] AndroidManifest.xml:20:9-22:45
162            android:name="com.google.android.gms.common.api.GoogleApiActivity"
162-->[com.google.android.gms:play-services-base:18.0.1] AndroidManifest.xml:20:19-85
163            android:exported="false"
163-->[com.google.android.gms:play-services-base:18.0.1] AndroidManifest.xml:22:19-43
164            android:theme="@android:style/Theme.Translucent.NoTitleBar" />
164-->[com.google.android.gms:play-services-base:18.0.1] AndroidManifest.xml:21:19-78
165
166        <meta-data
166-->[com.google.android.gms:play-services-basement:18.0.0] AndroidManifest.xml:21:9-23:69
167            android:name="com.google.android.gms.version"
167-->[com.google.android.gms:play-services-basement:18.0.0] AndroidManifest.xml:22:13-58
168            android:value="@integer/google_play_services_version" />
168-->[com.google.android.gms:play-services-basement:18.0.0] AndroidManifest.xml:23:13-66
169
170        <provider
170-->[androidx.emoji2:emoji2:1.3.0] AndroidManifest.xml:24:9-32:20
171            android:name="androidx.startup.InitializationProvider"
171-->[androidx.emoji2:emoji2:1.3.0] AndroidManifest.xml:25:13-67
172            android:authorities="com.omiyawaki.osrswiki.androidx-startup"
172-->[androidx.emoji2:emoji2:1.3.0] AndroidManifest.xml:26:13-68
173            android:exported="false" >
173-->[androidx.emoji2:emoji2:1.3.0] AndroidManifest.xml:27:13-37
174            <meta-data
174-->[androidx.emoji2:emoji2:1.3.0] AndroidManifest.xml:29:13-31:52
175                android:name="androidx.emoji2.text.EmojiCompatInitializer"
175-->[androidx.emoji2:emoji2:1.3.0] AndroidManifest.xml:30:17-75
176                android:value="androidx.startup" />
176-->[androidx.emoji2:emoji2:1.3.0] AndroidManifest.xml:31:17-49
177            <meta-data
177-->[androidx.work:work-runtime:2.9.0] AndroidManifest.xml:34:13-36:52
178                android:name="androidx.work.WorkManagerInitializer"
178-->[androidx.work:work-runtime:2.9.0] AndroidManifest.xml:35:17-68
179                android:value="androidx.startup" />
179-->[androidx.work:work-runtime:2.9.0] AndroidManifest.xml:36:17-49
180            <meta-data
180-->[androidx.lifecycle:lifecycle-process:2.9.0] AndroidManifest.xml:29:13-31:52
181                android:name="androidx.lifecycle.ProcessLifecycleInitializer"
181-->[androidx.lifecycle:lifecycle-process:2.9.0] AndroidManifest.xml:30:17-78
182                android:value="androidx.startup" />
182-->[androidx.lifecycle:lifecycle-process:2.9.0] AndroidManifest.xml:31:17-49
183            <meta-data
183-->[androidx.profileinstaller:profileinstaller:1.4.0] AndroidManifest.xml:29:13-31:52
184                android:name="androidx.profileinstaller.ProfileInstallerInitializer"
184-->[androidx.profileinstaller:profileinstaller:1.4.0] AndroidManifest.xml:30:17-85
185                android:value="androidx.startup" />
185-->[androidx.profileinstaller:profileinstaller:1.4.0] AndroidManifest.xml:31:17-49
186        </provider>
187
188        <service
188-->[androidx.work:work-runtime:2.9.0] AndroidManifest.xml:39:9-45:35
189            android:name="androidx.work.impl.background.systemalarm.SystemAlarmService"
189-->[androidx.work:work-runtime:2.9.0] AndroidManifest.xml:40:13-88
190            android:directBootAware="false"
190-->[androidx.work:work-runtime:2.9.0] AndroidManifest.xml:41:13-44
191            android:enabled="@bool/enable_system_alarm_service_default"
191-->[androidx.work:work-runtime:2.9.0] AndroidManifest.xml:42:13-72
192            android:exported="false" />
192-->[androidx.work:work-runtime:2.9.0] AndroidManifest.xml:43:13-37
193        <service
193-->[androidx.work:work-runtime:2.9.0] AndroidManifest.xml:46:9-52:35
194            android:name="androidx.work.impl.background.systemjob.SystemJobService"
194-->[androidx.work:work-runtime:2.9.0] AndroidManifest.xml:47:13-84
195            android:directBootAware="false"
195-->[androidx.work:work-runtime:2.9.0] AndroidManifest.xml:48:13-44
196            android:enabled="@bool/enable_system_job_service_default"
196-->[androidx.work:work-runtime:2.9.0] AndroidManifest.xml:49:13-70
197            android:exported="true"
197-->[androidx.work:work-runtime:2.9.0] AndroidManifest.xml:50:13-36
198            android:permission="android.permission.BIND_JOB_SERVICE" />
198-->[androidx.work:work-runtime:2.9.0] AndroidManifest.xml:51:13-69
199        <service
199-->[androidx.work:work-runtime:2.9.0] AndroidManifest.xml:53:9-59:35
200            android:name="androidx.work.impl.foreground.SystemForegroundService"
200-->[androidx.work:work-runtime:2.9.0] AndroidManifest.xml:54:13-81
201            android:directBootAware="false"
201-->[androidx.work:work-runtime:2.9.0] AndroidManifest.xml:55:13-44
202            android:enabled="@bool/enable_system_foreground_service_default"
202-->[androidx.work:work-runtime:2.9.0] AndroidManifest.xml:56:13-77
203            android:exported="false" />
203-->[androidx.work:work-runtime:2.9.0] AndroidManifest.xml:57:13-37
204
205        <receiver
205-->[androidx.work:work-runtime:2.9.0] AndroidManifest.xml:61:9-66:35
206            android:name="androidx.work.impl.utils.ForceStopRunnable$BroadcastReceiver"
206-->[androidx.work:work-runtime:2.9.0] AndroidManifest.xml:62:13-88
207            android:directBootAware="false"
207-->[androidx.work:work-runtime:2.9.0] AndroidManifest.xml:63:13-44
208            android:enabled="true"
208-->[androidx.work:work-runtime:2.9.0] AndroidManifest.xml:64:13-35
209            android:exported="false" />
209-->[androidx.work:work-runtime:2.9.0] AndroidManifest.xml:65:13-37
210        <receiver
210-->[androidx.work:work-runtime:2.9.0] AndroidManifest.xml:67:9-77:20
211            android:name="androidx.work.impl.background.systemalarm.ConstraintProxy$BatteryChargingProxy"
211-->[androidx.work:work-runtime:2.9.0] AndroidManifest.xml:68:13-106
212            android:directBootAware="false"
212-->[androidx.work:work-runtime:2.9.0] AndroidManifest.xml:69:13-44
213            android:enabled="false"
213-->[androidx.work:work-runtime:2.9.0] AndroidManifest.xml:70:13-36
214            android:exported="false" >
214-->[androidx.work:work-runtime:2.9.0] AndroidManifest.xml:71:13-37
215            <intent-filter>
215-->[androidx.work:work-runtime:2.9.0] AndroidManifest.xml:73:13-76:29
216                <action android:name="android.intent.action.ACTION_POWER_CONNECTED" />
216-->[androidx.work:work-runtime:2.9.0] AndroidManifest.xml:74:17-87
216-->[androidx.work:work-runtime:2.9.0] AndroidManifest.xml:74:25-84
217                <action android:name="android.intent.action.ACTION_POWER_DISCONNECTED" />
217-->[androidx.work:work-runtime:2.9.0] AndroidManifest.xml:75:17-90
217-->[androidx.work:work-runtime:2.9.0] AndroidManifest.xml:75:25-87
218            </intent-filter>
219        </receiver>
220        <receiver
220-->[androidx.work:work-runtime:2.9.0] AndroidManifest.xml:78:9-88:20
221            android:name="androidx.work.impl.background.systemalarm.ConstraintProxy$BatteryNotLowProxy"
221-->[androidx.work:work-runtime:2.9.0] AndroidManifest.xml:79:13-104
222            android:directBootAware="false"
222-->[androidx.work:work-runtime:2.9.0] AndroidManifest.xml:80:13-44
223            android:enabled="false"
223-->[androidx.work:work-runtime:2.9.0] AndroidManifest.xml:81:13-36
224            android:exported="false" >
224-->[androidx.work:work-runtime:2.9.0] AndroidManifest.xml:82:13-37
225            <intent-filter>
225-->[androidx.work:work-runtime:2.9.0] AndroidManifest.xml:84:13-87:29
226                <action android:name="android.intent.action.BATTERY_OKAY" />
226-->[androidx.work:work-runtime:2.9.0] AndroidManifest.xml:85:17-77
226-->[androidx.work:work-runtime:2.9.0] AndroidManifest.xml:85:25-74
227                <action android:name="android.intent.action.BATTERY_LOW" />
227-->[androidx.work:work-runtime:2.9.0] AndroidManifest.xml:86:17-76
227-->[androidx.work:work-runtime:2.9.0] AndroidManifest.xml:86:25-73
228            </intent-filter>
229        </receiver>
230        <receiver
230-->[androidx.work:work-runtime:2.9.0] AndroidManifest.xml:89:9-99:20
231            android:name="androidx.work.impl.background.systemalarm.ConstraintProxy$StorageNotLowProxy"
231-->[androidx.work:work-runtime:2.9.0] AndroidManifest.xml:90:13-104
232            android:directBootAware="false"
232-->[androidx.work:work-runtime:2.9.0] AndroidManifest.xml:91:13-44
233            android:enabled="false"
233-->[androidx.work:work-runtime:2.9.0] AndroidManifest.xml:92:13-36
234            android:exported="false" >
234-->[androidx.work:work-runtime:2.9.0] AndroidManifest.xml:93:13-37
235            <intent-filter>
235-->[androidx.work:work-runtime:2.9.0] AndroidManifest.xml:95:13-98:29
236                <action android:name="android.intent.action.DEVICE_STORAGE_LOW" />
236-->[androidx.work:work-runtime:2.9.0] AndroidManifest.xml:96:17-83
236-->[androidx.work:work-runtime:2.9.0] AndroidManifest.xml:96:25-80
237                <action android:name="android.intent.action.DEVICE_STORAGE_OK" />
237-->[androidx.work:work-runtime:2.9.0] AndroidManifest.xml:97:17-82
237-->[androidx.work:work-runtime:2.9.0] AndroidManifest.xml:97:25-79
238            </intent-filter>
239        </receiver>
240        <receiver
240-->[androidx.work:work-runtime:2.9.0] AndroidManifest.xml:100:9-109:20
241            android:name="androidx.work.impl.background.systemalarm.ConstraintProxy$NetworkStateProxy"
241-->[androidx.work:work-runtime:2.9.0] AndroidManifest.xml:101:13-103
242            android:directBootAware="false"
242-->[androidx.work:work-runtime:2.9.0] AndroidManifest.xml:102:13-44
243            android:enabled="false"
243-->[androidx.work:work-runtime:2.9.0] AndroidManifest.xml:103:13-36
244            android:exported="false" >
244-->[androidx.work:work-runtime:2.9.0] AndroidManifest.xml:104:13-37
245            <intent-filter>
245-->[androidx.work:work-runtime:2.9.0] AndroidManifest.xml:106:13-108:29
246                <action android:name="android.net.conn.CONNECTIVITY_CHANGE" />
246-->[androidx.work:work-runtime:2.9.0] AndroidManifest.xml:107:17-79
246-->[androidx.work:work-runtime:2.9.0] AndroidManifest.xml:107:25-76
247            </intent-filter>
248        </receiver>
249        <receiver
249-->[androidx.work:work-runtime:2.9.0] AndroidManifest.xml:110:9-121:20
250            android:name="androidx.work.impl.background.systemalarm.RescheduleReceiver"
250-->[androidx.work:work-runtime:2.9.0] AndroidManifest.xml:111:13-88
251            android:directBootAware="false"
251-->[androidx.work:work-runtime:2.9.0] AndroidManifest.xml:112:13-44
252            android:enabled="false"
252-->[androidx.work:work-runtime:2.9.0] AndroidManifest.xml:113:13-36
253            android:exported="false" >
253-->[androidx.work:work-runtime:2.9.0] AndroidManifest.xml:114:13-37
254            <intent-filter>
254-->[androidx.work:work-runtime:2.9.0] AndroidManifest.xml:116:13-120:29
255                <action android:name="android.intent.action.BOOT_COMPLETED" />
255-->[androidx.work:work-runtime:2.9.0] AndroidManifest.xml:117:17-79
255-->[androidx.work:work-runtime:2.9.0] AndroidManifest.xml:117:25-76
256                <action android:name="android.intent.action.TIME_SET" />
256-->[androidx.work:work-runtime:2.9.0] AndroidManifest.xml:118:17-73
256-->[androidx.work:work-runtime:2.9.0] AndroidManifest.xml:118:25-70
257                <action android:name="android.intent.action.TIMEZONE_CHANGED" />
257-->[androidx.work:work-runtime:2.9.0] AndroidManifest.xml:119:17-81
257-->[androidx.work:work-runtime:2.9.0] AndroidManifest.xml:119:25-78
258            </intent-filter>
259        </receiver>
260        <receiver
260-->[androidx.work:work-runtime:2.9.0] AndroidManifest.xml:122:9-131:20
261            android:name="androidx.work.impl.background.systemalarm.ConstraintProxyUpdateReceiver"
261-->[androidx.work:work-runtime:2.9.0] AndroidManifest.xml:123:13-99
262            android:directBootAware="false"
262-->[androidx.work:work-runtime:2.9.0] AndroidManifest.xml:124:13-44
263            android:enabled="@bool/enable_system_alarm_service_default"
263-->[androidx.work:work-runtime:2.9.0] AndroidManifest.xml:125:13-72
264            android:exported="false" >
264-->[androidx.work:work-runtime:2.9.0] AndroidManifest.xml:126:13-37
265            <intent-filter>
265-->[androidx.work:work-runtime:2.9.0] AndroidManifest.xml:128:13-130:29
266                <action android:name="androidx.work.impl.background.systemalarm.UpdateProxies" />
266-->[androidx.work:work-runtime:2.9.0] AndroidManifest.xml:129:17-98
266-->[androidx.work:work-runtime:2.9.0] AndroidManifest.xml:129:25-95
267            </intent-filter>
268        </receiver>
269        <receiver
269-->[androidx.work:work-runtime:2.9.0] AndroidManifest.xml:132:9-142:20
270            android:name="androidx.work.impl.diagnostics.DiagnosticsReceiver"
270-->[androidx.work:work-runtime:2.9.0] AndroidManifest.xml:133:13-78
271            android:directBootAware="false"
271-->[androidx.work:work-runtime:2.9.0] AndroidManifest.xml:134:13-44
272            android:enabled="true"
272-->[androidx.work:work-runtime:2.9.0] AndroidManifest.xml:135:13-35
273            android:exported="true"
273-->[androidx.work:work-runtime:2.9.0] AndroidManifest.xml:136:13-36
274            android:permission="android.permission.DUMP" >
274-->[androidx.work:work-runtime:2.9.0] AndroidManifest.xml:137:13-57
275            <intent-filter>
275-->[androidx.work:work-runtime:2.9.0] AndroidManifest.xml:139:13-141:29
276                <action android:name="androidx.work.diagnostics.REQUEST_DIAGNOSTICS" />
276-->[androidx.work:work-runtime:2.9.0] AndroidManifest.xml:140:17-88
276-->[androidx.work:work-runtime:2.9.0] AndroidManifest.xml:140:25-85
277            </intent-filter>
278        </receiver>
279
280        <uses-library
280-->[androidx.window:window:1.0.0] AndroidManifest.xml:25:9-27:40
281            android:name="androidx.window.extensions"
281-->[androidx.window:window:1.0.0] AndroidManifest.xml:26:13-54
282            android:required="false" />
282-->[androidx.window:window:1.0.0] AndroidManifest.xml:27:13-37
283        <uses-library
283-->[androidx.window:window:1.0.0] AndroidManifest.xml:28:9-30:40
284            android:name="androidx.window.sidecar"
284-->[androidx.window:window:1.0.0] AndroidManifest.xml:29:13-51
285            android:required="false" />
285-->[androidx.window:window:1.0.0] AndroidManifest.xml:30:13-37
286
287        <service
287-->[androidx.room:room-runtime-android:2.7.1] AndroidManifest.xml:24:9-28:63
288            android:name="androidx.room.MultiInstanceInvalidationService"
288-->[androidx.room:room-runtime-android:2.7.1] AndroidManifest.xml:25:13-74
289            android:directBootAware="true"
289-->[androidx.room:room-runtime-android:2.7.1] AndroidManifest.xml:26:13-43
290            android:exported="false" />
290-->[androidx.room:room-runtime-android:2.7.1] AndroidManifest.xml:27:13-37
291
292        <receiver
292-->[androidx.profileinstaller:profileinstaller:1.4.0] AndroidManifest.xml:34:9-52:20
293            android:name="androidx.profileinstaller.ProfileInstallReceiver"
293-->[androidx.profileinstaller:profileinstaller:1.4.0] AndroidManifest.xml:35:13-76
294            android:directBootAware="false"
294-->[androidx.profileinstaller:profileinstaller:1.4.0] AndroidManifest.xml:36:13-44
295            android:enabled="true"